<?xml version="1.0" encoding="UTF-8"?>
<!-- Generated by org.testng.reporters.JUnitReportReporter -->
<testsuite name="testCase.TC_1_LoginPage_ValidCase" tests="1" time="0.000" ignored="0" failures="0" timestamp="30 Sep 2018 06:51:49 GMT" skipped="1" hostname="LAPTOP-EHEF5703" errors="0">
  <testcase name="tc_01_login" time="0.000" classname="testCase.TC_1_LoginPage_ValidCase">
    <skipped/>
  </testcase> <!-- tc_01_login -->
</testsuite> <!-- testCase.TC_1_LoginPage_ValidCase -->
