<?xml version="1.0" encoding="UTF-8"?>
<!-- Generated by org.testng.reporters.JUnitReportReporter -->
<testsuite name="dataProvider.SearchByLocationmercuryTours" tests="1" time="20.251" ignored="0" failures="0" timestamp="19 Sep 2018 16:53:28 GMT" skipped="0" hostname="LAPTOP-EHEF5703" errors="0">
  <testcase name="Airsearch" time="20.251" classname="dataProvider.SearchByLocationmercuryTours"/>
</testsuite> <!-- dataProvider.SearchByLocationmercuryTours -->
